<?xml version="1.0" encoding="UTF-8"?>
<testsuite xmlns:xsi="http://www.w3.org/2001/XMLSchema-instance" xsi:schemaLocation="https://maven.apache.org/surefire/maven-surefire-plugin/xsd/surefire-test-report.xsd" name="TestSuite" time="111.46" tests="1" errors="0" skipped="0" failures="1">
  <properties>
[...]
</properties>
  <testcase name="feature" classname="runner.TestRunner" time="110.057">
    <failure message="org.openqa.selenium.TimeoutException: Expected condition failed: waiting for element to be clickable: By.cssSelector: input[name=&quot;cancel&quot;] (tried for 10 second(s) with 500 MILLISECONDS interval)" type="cucumber.runtime.CucumberException">cucumber.runtime.CucumberException: org.openqa.selenium.TimeoutException: Expected condition failed: waiting for element to be clickable: By.cssSelector: input[name="cancel"] (tried for 10 second(s) with 500 MILLISECONDS interval)
Caused by: org.openqa.selenium.TimeoutException: Expected condition failed: waiting for element to be clickable: By.cssSelector: input[name="cancel"] (tried for 10 second(s) with 500 MILLISECONDS interval)
Caused by: org.openqa.selenium.NoSuchElementException: 
Cannot locate an element using By.cssSelector: input[name="cancel"]
For documentation on this error, please visit: http://seleniumhq.org/exceptions/no_such_element.html
Build info: version: '3.4.0', revision: 'unknown', time: 'unknown'
System info: host: 'DESKTOP-ACURQ7O', ip: '192.168.101.94', os.name: 'Windows 10', os.arch: 'amd64', os.version: '10.0', java.version: '1.8.0_121'
Driver info: driver.version: unknown
</failure>
    <system-out><![CDATA[Feature: FormsFeature
  This feature deals with the sending forms of the application
Before navigating https://www.avsteel.com.ua/
Before navigating ChromeDriver: chrome on XP (bf3572e1c4e0ea669f138fc145e53165)
After navigating https://www.avsteel.com.ua/
After navigating ChromeDriver: chrome on XP (bf3572e1c4e0ea669f138fc145e53165)
Before navigating https://www.avsteel.com.ua/#how_we_work
Before navigating ChromeDriver: chrome on XP (bf3572e1c4e0ea669f138fc145e53165)
After navigating https://www.avsteel.com.ua/#how_we_work
After navigating ChromeDriver: chrome on XP (bf3572e1c4e0ea669f138fc145e53165)
before FindBY By.cssSelector: input[name="form_text_78"]
After FindBy By.cssSelector: input[name="form_text_78"]
before FindBY By.cssSelector: input[name="form_text_78"]
After FindBy By.cssSelector: input[name="form_text_78"]
before FindBY By.cssSelector: input[name="form_text_78"]
After FindBy By.cssSelector: input[name="form_text_78"]
before FindBY By.cssSelector: input[name="form_text_79"]
After FindBy By.cssSelector: input[name="form_text_79"]
before FindBY By.cssSelector: input[name="form_text_79"]
After FindBy By.cssSelector: input[name="form_text_79"]
before FindBY By.cssSelector: input[name="form_text_79"]
After FindBy By.cssSelector: input[name="form_text_79"]
before FindBY By.cssSelector: input[name="form_text_87"]
After FindBy By.cssSelector: input[name="form_text_87"]
before FindBY By.cssSelector: input[name="form_text_87"]
After FindBy By.cssSelector: input[name="form_text_87"]
before FindBY By.cssSelector: input[name="form_text_87"]
After FindBy By.cssSelector: input[name="form_text_87"]
before FindBY By.xpath: //*[@name="av_steel_Order_Now"]//*[@name="web_form_submit"]
After FindBy By.xpath: //*[@name="av_steel_Order_Now"]//*[@name="web_form_submit"]
before FindBY By.xpath: //*[@name="av_steel_Order_Now"]//*[@name="web_form_submit"]
After FindBy By.xpath: //*[@name="av_steel_Order_Now"]//*[@name="web_form_submit"]
before click [[ChromeDriver: chrome on XP (bf3572e1c4e0ea669f138fc145e53165)] -> xpath: //*[@name="av_steel_Order_Now"]//*[@name="web_form_submit"]]
After click [[ChromeDriver: chrome on XP (bf3572e1c4e0ea669f138fc145e53165)] -> xpath: //*[@name="av_steel_Order_Now"]//*[@name="web_form_submit"]]
before FindBY By.xpath: //*[@name="av_steel_Order_Now"]/*[@name="WEB_FORM_ID"]
After FindBy By.xpath: //*[@name="av_steel_Order_Now"]/*[@name="WEB_FORM_ID"]
before FindBY By.id: popUp-text-fromForm
After FindBy By.id: popUp-text-fromForm
before FindBY By.id: popUp-text-fromForm
After FindBy By.id: popUp-text-fromForm
before click [[ChromeDriver: chrome on XP (bf3572e1c4e0ea669f138fc145e53165)] -> id: popUp-text-fromForm]
After click [[ChromeDriver: chrome on XP (bf3572e1c4e0ea669f138fc145e53165)] -> id: popUp-text-fromForm]
before FindBY By.xpath: //*[@class="av-alert-popup"]/div
After FindBy By.xpath: //*[@class="av-alert-popup"]/div
before click [[ChromeDriver: chrome on XP (bf3572e1c4e0ea669f138fc145e53165)] -> xpath: //*[@class="av-alert-popup"]/div]
After click [[ChromeDriver: chrome on XP (bf3572e1c4e0ea669f138fc145e53165)] -> xpath: //*[@class="av-alert-popup"]/div]
Before navigating https://www.avsteel.com.ua/bitrix
Before navigating ChromeDriver: chrome on XP (bf3572e1c4e0ea669f138fc145e53165)
After navigating https://www.avsteel.com.ua/bitrix
After navigating ChromeDriver: chrome on XP (bf3572e1c4e0ea669f138fc145e53165)
before FindBY By.xpath: //*[(@name="USER_LOGIN") and (@tabindex="1")]
After FindBy By.xpath: //*[(@name="USER_LOGIN") and (@tabindex="1")]
before FindBY By.xpath: //*[(@name="USER_LOGIN") and (@tabindex="1")]
After FindBy By.xpath: //*[(@name="USER_LOGIN") and (@tabindex="1")]
before FindBY By.xpath: //*[(@name="USER_LOGIN") and (@tabindex="1")]
After FindBy By.xpath: //*[(@name="USER_LOGIN") and (@tabindex="1")]
before FindBY By.xpath: //*[(@name="USER_PASSWORD") and (@tabindex="2")]
After FindBy By.xpath: //*[(@name="USER_PASSWORD") and (@tabindex="2")]
before FindBY By.xpath: //*[(@name="USER_PASSWORD") and (@tabindex="2")]
After FindBy By.xpath: //*[(@name="USER_PASSWORD") and (@tabindex="2")]
before FindBY By.xpath: //*[(@name="USER_PASSWORD") and (@tabindex="2")]
After FindBy By.xpath: //*[(@name="USER_PASSWORD") and (@tabindex="2")]
before FindBY By.xpath: //*[(@name="Login") and (@tabindex="3")]
After FindBy By.xpath: //*[(@name="Login") and (@tabindex="3")]
before FindBY By.xpath: //*[(@name="Login") and (@tabindex="3")]
After FindBy By.xpath: //*[(@name="Login") and (@tabindex="3")]
before click [[ChromeDriver: chrome on XP (bf3572e1c4e0ea669f138fc145e53165)] -> xpath: //*[(@name="Login") and (@tabindex="3")]]
After click [[ChromeDriver: chrome on XP (bf3572e1c4e0ea669f138fc145e53165)] -> xpath: //*[(@name="Login") and (@tabindex="3")]]
before FindBY By.className: bx-core-adm-icon-close
After FindBy By.className: bx-core-adm-icon-close
before FindBY By.className: adm-header-language
After FindBy By.className: adm-header-language
before FindBY By.id: global_menu_services
After FindBy By.id: global_menu_services
before FindBY By.id: global_menu_services
After FindBy By.id: global_menu_services
before click [[ChromeDriver: chrome on XP (bf3572e1c4e0ea669f138fc145e53165)] -> id: global_menu_services]
After click [[ChromeDriver: chrome on XP (bf3572e1c4e0ea669f138fc145e53165)] -> id: global_menu_services]
before FindBY By.xpath: //*[text()="Настройка форм"]
After FindBy By.xpath: //*[text()="Настройка форм"]
before FindBY By.xpath: //*[text()="Настройка форм"]
After FindBy By.xpath: //*[text()="Настройка форм"]
before FindBY By.xpath: //*[text()="Настройка форм"]
After FindBy By.xpath: //*[text()="Настройка форм"]
before click [[ChromeDriver: chrome on XP (bf3572e1c4e0ea669f138fc145e53165)] -> xpath: //*[text()="Настройка форм"]]
After click [[ChromeDriver: chrome on XP (bf3572e1c4e0ea669f138fc145e53165)] -> xpath: //*[text()="Настройка форм"]]
before FindBY By.className: bx-core-adm-icon-close
After FindBy By.className: bx-core-adm-icon-close
before FindBY By.className: bx-core-adm-icon-close
After FindBy By.className: bx-core-adm-icon-close
before FindBY By.className: bx-core-adm-icon-close
After FindBy By.className: bx-core-adm-icon-close
before click [[ChromeDriver: chrome on XP (bf3572e1c4e0ea669f138fc145e53165)] -> class name: bx-core-adm-icon-close]
After click [[ChromeDriver: chrome on XP (bf3572e1c4e0ea669f138fc145e53165)] -> class name: bx-core-adm-icon-close]
before FindBY By.cssSelector: input[name="find_id"]
After FindBy By.cssSelector: input[name="find_id"]
before FindBY By.cssSelector: input[name="find_id"]
After FindBy By.cssSelector: input[name="find_id"]
before FindBY By.cssSelector: input[name="find_id"]
After FindBy By.cssSelector: input[name="find_id"]
before FindBY By.cssSelector: input[name="find_id"]
After FindBy By.cssSelector: input[name="find_id"]
before FindBY By.cssSelector: input[name="set_filter"]
After FindBy By.cssSelector: input[name="set_filter"]
before FindBY By.cssSelector: input[name="set_filter"]
After FindBy By.cssSelector: input[name="set_filter"]
before click [[ChromeDriver: chrome on XP (bf3572e1c4e0ea669f138fc145e53165)] -> css selector: input[name="set_filter"]]
After click [[ChromeDriver: chrome on XP (bf3572e1c4e0ea669f138fc145e53165)] -> css selector: input[name="set_filter"]]
before FindBY By.xpath: //a[contains(@href,'form_result_list.php?lang=ru&WEB_FORM_ID=16')]
After FindBy By.xpath: //a[contains(@href,'form_result_list.php?lang=ru&WEB_FORM_ID=16')]
before FindBY By.xpath: //a[contains(@href,'form_result_list.php?lang=ru&WEB_FORM_ID=16')]
After FindBy By.xpath: //a[contains(@href,'form_result_list.php?lang=ru&WEB_FORM_ID=16')]
before click [[ChromeDriver: chrome on XP (bf3572e1c4e0ea669f138fc145e53165)] -> xpath: //a[contains(@href,'form_result_list.php?lang=ru&WEB_FORM_ID=16')]]
After click [[ChromeDriver: chrome on XP (bf3572e1c4e0ea669f138fc145e53165)] -> xpath: //a[contains(@href,'form_result_list.php?lang=ru&WEB_FORM_ID=16')]]
before FindBY By.className: bx-core-adm-icon-close
After FindBy By.className: bx-core-adm-icon-close
before FindBY By.xpath: //tbody//td[contains(@title, "Сортировка: ID")]
After FindBy By.xpath: //tbody//td[contains(@title, "Сортировка: ID")]
before FindBY By.xpath: //tr[@class="adm-list-table-row"]
After FindBy By.xpath: //tr[@class="adm-list-table-row"]
before FindBY By.tagName: td
After FindBy By.tagName: td
11Dima1084377
Dima1084377
Такого ключа нет
before FindBY By.cssSelector: input[name="cancel"]
After FindBy By.cssSelector: input[name="cancel"]

  @smoke
  Scenario: Test the "Project calculation" form with correct data                                                                                                         &amp#27;[90m# Form.feature:39&amp#27;[0m
    &amp#27;[32mGiven &amp#27;[0m&amp#27;[32mI navigate to the "&amp#27;[0m&amp#27;[32m&amp#27;[1mHow we work&amp#27;[0m&amp#27;[32m" block of the main page&amp#27;[0m                                                                                                          &amp#27;[90m# FormStep.iNavigateToTheBlockOfTheMainPage(String)&amp#27;[0m
    &amp#27;[32mAnd &amp#27;[0m&amp#27;[32mI enter the name  "&amp#27;[0m&amp#27;[32m&amp#27;[1mDima&amp#27;[0m&amp#27;[32m", email "&amp#27;[0m&amp#27;[32m&amp#27;[1mawesome5040@gmail.com&amp#27;[0m&amp#27;[32m", and message "&amp#27;[0m&amp#27;[32m&amp#27;[1mHello. Whats up?&amp#27;[0m&amp#27;[32m" to the "&amp#27;[0m&amp#27;[32m&amp#27;[1mOrder of corrugated board&amp#27;[0m&amp#27;[32m" form and click the Send request button&amp#27;[0m &amp#27;[90m# FormStep.iEnterTheNameEmailAndMessageToTheFormAndClickTheSendRequestButton(String,String,String,String)&amp#27;[0m
    &amp#27;[32mAnd &amp#27;[0m&amp#27;[32mI take a screenshot with "&amp#27;[0m&amp#27;[32m&amp#27;[1mscreen3&amp#27;[0m&amp#27;[32m" name&amp#27;[0m                                                                                                                           &amp#27;[90m# FormStep.iTakeAScreenshotWithName(String)&amp#27;[0m
    &amp#27;[32mThen &amp#27;[0m&amp#27;[32mI should see the "&amp#27;[0m&amp#27;[32m&amp#27;[1mСпасибо за заявку!&amp#27;[0m&amp#27;[32m" message and close this&amp#27;[0m                                                                                                     &amp#27;[90m# FormStep.iShouldSeeTheMessageAndCloseThis(String)&amp#27;[0m
    &amp#27;[32mGiven &amp#27;[0m&amp#27;[32mI navigate to the Admin login page from main page&amp#27;[0m                                                                                                               &amp#27;[90m# FormStep.iNavigateToTheAdminLoginPageFromMainPage()&amp#27;[0m
    &amp#27;[32mAnd &amp#27;[0m&amp#27;[32mI enter the login "&amp#27;[0m&amp#27;[32m&amp#27;[1md.prikhodko&amp#27;[0m&amp#27;[32m" and password "&amp#27;[0m&amp#27;[32m&amp#27;[1mmc7nqrsH&amp#27;[0m&amp#27;[32m" and press submit button&amp#27;[0m                                                                                   &amp#27;[90m# FormStep.iEnterTheLoginAndPasswordAndPressSubmitButton(String,String)&amp#27;[0m
    &amp#27;[32mAnd &amp#27;[0m&amp#27;[32mIf an authorization message box appears, I close it&amp#27;[0m                                                                                                               &amp#27;[90m# FormStep.ifAnAuthorizationMessageBoxAppearsICloseIt()&amp#27;[0m
    &amp#27;[32mAnd &amp#27;[0m&amp#27;[32mI turn to the form settings page in the admin panel&amp#27;[0m                                                                                                               &amp#27;[90m# FormStep.iTurnToTheFormSettingsPageInTheAdminPanel()&amp#27;[0m
    &amp#27;[32mAnd &amp#27;[0m&amp#27;[32mIf an authorization message box appears, I close it&amp#27;[0m                                                                                                               &amp#27;[90m# FormStep.ifAnAuthorizationMessageBoxAppearsICloseIt()&amp#27;[0m
    &amp#27;[32mAnd &amp#27;[0m&amp#27;[32mI navigate to the list of all application forms&amp#27;[0m                                                                                                                   &amp#27;[90m# FormStep.iNavigateToTheListOfAllApplicationForms()&amp#27;[0m
    &amp#27;[32mAnd &amp#27;[0m&amp#27;[32mIf an authorization message box appears, I close it&amp#27;[0m                                                                                                               &amp#27;[90m# FormStep.ifAnAuthorizationMessageBoxAppearsICloseIt()&amp#27;[0m
    &amp#27;[31mThen &amp#27;[0m&amp#27;[31mI search for my application by name, go to into it and check the data by type "&amp#27;[0m&amp#27;[31m&amp#27;[1mquickOrder&amp#27;[0m&amp#27;[31m"&amp#27;[0m                                                                       &amp#27;[90m# FormStep.iSearchForMyApplicationByNameGoToIntoItAndCheckTheDataByType(String)&amp#27;[0m
      &amp#27;[31morg.openqa.selenium.TimeoutException: Expected condition failed: waiting for element to be clickable: By.cssSelector: input[name="cancel"] (tried for 10 second(s) with 500 MILLISECONDS interval)
      	at org.openqa.selenium.support.ui.WebDriverWait.timeoutException(WebDriverWait.java:80)
      	at org.openqa.selenium.support.ui.FluentWait.until(FluentWait.java:232)
      	at POM.BasePage.type(BasePage.java:63)
      	at POM.AdminAvmgResultsFormPage.getRequest(AdminAvmgResultsFormPage.java:79)
      	at steps.FormStep.iSearchForMyApplicationByNameGoToIntoItAndCheckTheDataByType(FormStep.java:100)
      	at ?.Then I search for my application by name, go to into it and check the data by type "quickOrder"(Form.feature:51)
      Caused by: org.openqa.selenium.NoSuchElementException: Cannot locate an element using By.cssSelector: input[name="cancel"]
      For documentation on this error, please visit: http://seleniumhq.org/exceptions/no_such_element.html
      Build info: version: '3.4.0', revision: 'unknown', time: 'unknown'
      System info: host: 'DESKTOP-ACURQ7O', ip: '192.168.101.94', os.name: 'Windows 10', os.arch: 'amd64', os.version: '10.0', java.version: '1.8.0_121'
      Driver info: driver.version: unknown
      	at org.openqa.selenium.support.ui.ExpectedConditions.lambda$findElement$0(ExpectedConditions.java:883)
      	at java.util.Optional.orElseThrow(Optional.java:290)
      	at org.openqa.selenium.support.ui.ExpectedConditions.findElement(ExpectedConditions.java:882)
      	at org.openqa.selenium.support.ui.ExpectedConditions.access$000(ExpectedConditions.java:44)
      	at org.openqa.selenium.support.ui.ExpectedConditions$7.apply(ExpectedConditions.java:206)
      	at org.openqa.selenium.support.ui.ExpectedConditions$7.apply(ExpectedConditions.java:202)
      	at org.openqa.selenium.support.ui.ExpectedConditions$22.apply(ExpectedConditions.java:644)
      	at org.openqa.selenium.support.ui.ExpectedConditions$22.apply(ExpectedConditions.java:641)
      	at org.openqa.selenium.support.ui.FluentWait.until(FluentWait.java:209)
      	at POM.BasePage.type(BasePage.java:63)
      	at POM.AdminAvmgResultsFormPage.getRequest(AdminAvmgResultsFormPage.java:79)
      	at steps.FormStep.iSearchForMyApplicationByNameGoToIntoItAndCheckTheDataByType(FormStep.java:100)
      	at sun.reflect.NativeMethodAccessorImpl.invoke0(Native Method)
      	at sun.reflect.NativeMethodAccessorImpl.invoke(NativeMethodAccessorImpl.java:62)
      	at sun.reflect.DelegatingMethodAccessorImpl.invoke(DelegatingMethodAccessorImpl.java:43)
      	at java.lang.reflect.Method.invoke(Method.java:498)
      	at cucumber.runtime.Utils$1.call(Utils.java:40)
      	at cucumber.runtime.Timeout.timeout(Timeout.java:16)
      	at cucumber.runtime.Utils.invoke(Utils.java:34)
      	at cucumber.runtime.java.JavaStepDefinition.execute(JavaStepDefinition.java:38)
      	at cucumber.runtime.StepDefinitionMatch.runStep(StepDefinitionMatch.java:37)
      	at cucumber.runtime.Runtime.runStep(Runtime.java:300)
      	at cucumber.runtime.model.StepContainer.runStep(StepContainer.java:44)
      	at cucumber.runtime.model.StepContainer.runSteps(StepContainer.java:39)
      	at cucumber.runtime.model.CucumberScenario.run(CucumberScenario.java:44)
      	at cucumber.runtime.model.CucumberFeature.run(CucumberFeature.java:165)
      	at cucumber.api.testng.TestNGCucumberRunner.runCucumber(TestNGCucumberRunner.java:63)
      	at cucumber.api.testng.AbstractTestNGCucumberTests.feature(AbstractTestNGCucumberTests.java:21)
      	at sun.reflect.NativeMethodAccessorImpl.invoke0(Native Method)
      	at sun.reflect.NativeMethodAccessorImpl.invoke(NativeMethodAccessorImpl.java:62)
      	at sun.reflect.DelegatingMethodAccessorImpl.invoke(DelegatingMethodAccessorImpl.java:43)
      	at java.lang.reflect.Method.invoke(Method.java:498)
      	at org.testng.internal.MethodInvocationHelper.invokeMethod(MethodInvocationHelper.java:108)
      	at org.testng.internal.Invoker.invokeMethod(Invoker.java:661)
      	at org.testng.internal.Invoker.invokeTestMethod(Invoker.java:869)
      	at org.testng.internal.Invoker.invokeTestMethods(Invoker.java:1193)
      	at org.testng.internal.TestMethodWorker.invokeTestMethods(TestMethodWorker.java:126)
      	at org.testng.internal.TestMethodWorker.run(TestMethodWorker.java:109)
      	at org.testng.TestRunner.privateRun(TestRunner.java:744)
      	at org.testng.TestRunner.run(TestRunner.java:602)
      	at org.testng.SuiteRunner.runTest(SuiteRunner.java:380)
      	at org.testng.SuiteRunner.runSequentially(SuiteRunner.java:375)
      	at org.testng.SuiteRunner.privateRun(SuiteRunner.java:340)
      	at org.testng.SuiteRunner.run(SuiteRunner.java:289)
      	at org.testng.SuiteRunnerWorker.runSuite(SuiteRunnerWorker.java:52)
      	at org.testng.SuiteRunnerWorker.run(SuiteRunnerWorker.java:86)
      	at org.testng.TestNG.runSuitesSequentially(TestNG.java:1301)
      	at org.testng.TestNG.runSuitesLocally(TestNG.java:1226)
      	at org.testng.TestNG.runSuites(TestNG.java:1144)
      	at org.testng.TestNG.run(TestNG.java:1115)
      	at org.apache.maven.surefire.testng.TestNGExecutor.run(TestNGExecutor.java:281)
      	at org.apache.maven.surefire.testng.TestNGXmlTestSuite.execute(TestNGXmlTestSuite.java:75)
      	at org.apache.maven.surefire.testng.TestNGProvider.invoke(TestNGProvider.java:121)
      	at org.apache.maven.surefire.booter.ForkedBooter.invokeProviderInSameClassLoader(ForkedBooter.java:290)
      	at org.apache.maven.surefire.booter.ForkedBooter.runSuitesInProcess(ForkedBooter.java:242)
      	at org.apache.maven.surefire.booter.ForkedBooter.main(ForkedBooter.java:121)
      &amp#27;[0m
    &amp#27;[36mThen &amp#27;[0m&amp#27;[36mI delete the application and check that it was successfully deleted&amp#27;[0m                                                                                              &amp#27;[90m# FormStep.iDeleteTheApplicationAndCheckThatItWasSuccessfullyDeleted()&amp#27;[0m
]]></system-out>
    <system-err><![CDATA[Starting ChromeDriver 2.30.477700 (0057494ad8732195794a7b32078424f92a5fce41) on port 47008
Only local connections are allowed.
авг 08, 2017 3:00:54 PM org.openqa.selenium.remote.ProtocolHandshake createSession
INFO: Detected dialect: OSS
]]></system-err>
  </testcase>
</testsuite>